<?xml version="1.0" encoding="UTF-8"?>
<!-- Generated by org.testng.reporters.JUnitXMLReporter -->
<testsuite ignored="1" hostname="LAPTOP-NMHLPV29" failures="0" tests="2" name="Test" time="53.915" errors="0" timestamp="2024-11-12T16:43:21 IST">
  <testcase classname="com.mystore.testcases.Tc_MyaccountPageTest" name="VerifyLoging" time="11.066"/>
  <testcase classname="com.mystore.testcases.Tc_ProductPageTest" name="Productpage" time="24.132"/>
  <testcase classname="com.mystore.testcases.Tc_MyaccountPageTest" name="VerifyLogin" time="0.0">
    <ignored/>
  </testcase> <!-- VerifyLogin -->
</testsuite> <!-- Test -->
