<?xml version="1.0" encoding="UTF-8"?>
<testng-results ignored="1" total="3" passed="2" failed="0" skipped="0">
  <reporter-output>
  </reporter-output>
  <suite started-at="2024-11-12T16:42:27 IST" name="Suite" finished-at="2024-11-12T16:43:21 IST" duration-ms="53915">
    <groups>
    </groups>
    <test started-at="2024-11-12T16:42:27 IST" name="Test" finished-at="2024-11-12T16:43:21 IST" duration-ms="53915">
      <class name="com.mystore.testcases.Tc_MyaccountPageTest">
        <test-method is-config="true" signature="setup()[pri:0, instance:com.mystore.testcases.Tc_MyaccountPageTest@434a63ab]" started-at="2024-11-12T16:42:27 IST" name="setup" finished-at="2024-11-12T16:42:36 IST" duration-ms="8781" status="PASS">
          <reporter-output>
          </reporter-output>
        </test-method> <!-- setup -->
        <test-method signature="VerifyLoging()[pri:0, instance:com.mystore.testcases.Tc_MyaccountPageTest@434a63ab]" started-at="2024-11-12T16:42:36 IST" name="VerifyLoging" finished-at="2024-11-12T16:42:47 IST" duration-ms="11066" status="PASS">
          <reporter-output>
          </reporter-output>
        </test-method> <!-- VerifyLoging -->
        <test-method is-config="true" signature="tearDown()[pri:0, instance:com.mystore.testcases.Tc_MyaccountPageTest@434a63ab]" started-at="2024-11-12T16:42:47 IST" name="tearDown" finished-at="2024-11-12T16:42:48 IST" duration-ms="853" status="PASS">
          <reporter-output>
          </reporter-output>
        </test-method> <!-- tearDown -->
      </class> <!-- com.mystore.testcases.Tc_MyaccountPageTest -->
      <class name="com.mystore.testcases.Tc_ProductPageTest">
        <test-method is-config="true" signature="setup()[pri:0, instance:com.mystore.testcases.Tc_ProductPageTest@17497425]" started-at="2024-11-12T16:42:48 IST" name="setup" finished-at="2024-11-12T16:42:56 IST" duration-ms="8092" status="PASS">
          <reporter-output>
          </reporter-output>
        </test-method> <!-- setup -->
        <test-method signature="Productpage()[pri:0, instance:com.mystore.testcases.Tc_ProductPageTest@17497425]" started-at="2024-11-12T16:42:56 IST" name="Productpage" finished-at="2024-11-12T16:43:20 IST" duration-ms="24132" status="PASS">
          <reporter-output>
          </reporter-output>
        </test-method> <!-- Productpage -->
        <test-method is-config="true" signature="tearDown()[pri:0, instance:com.mystore.testcases.Tc_ProductPageTest@17497425]" started-at="2024-11-12T16:43:20 IST" name="tearDown" finished-at="2024-11-12T16:43:21 IST" duration-ms="922" status="PASS">
          <reporter-output>
          </reporter-output>
        </test-method> <!-- tearDown -->
      </class> <!-- com.mystore.testcases.Tc_ProductPageTest -->
    </test> <!-- Test -->
  </suite> <!-- Suite -->
</testng-results>
